17:38:17.471 [ApplicationImpl pooled thread 54] INFO  c.b.l.BrowserStackRunExtension - testng
17:38:17.471 [ApplicationImpl pooled thread 54] INFO  com.browserstack.utils.Helpers - null
17:38:17.473 [ApplicationImpl pooled thread 54] INFO  c.b.l.BrowserStackRunExtension - Agent path: null
17:40:18.595 [ApplicationImpl pooled thread 59] INFO  c.b.l.BrowserStackRunExtension - testng
17:40:18.595 [ApplicationImpl pooled thread 59] INFO  com.browserstack.utils.Helpers - null
17:40:18.596 [ApplicationImpl pooled thread 59] INFO  c.b.l.BrowserStackRunExtension - Agent path: null
17:40:33.211 [ApplicationImpl pooled thread 53] INFO  c.b.l.BrowserStackRunExtension - testng
17:40:33.211 [ApplicationImpl pooled thread 53] INFO  com.browserstack.utils.Helpers - null
17:40:33.211 [ApplicationImpl pooled thread 53] INFO  c.b.l.BrowserStackRunExtension - Agent path: null
17:41:09.287 [ApplicationImpl pooled thread 58] INFO  c.b.l.BrowserStackRunExtension - testng
17:41:09.288 [ApplicationImpl pooled thread 58] INFO  com.browserstack.utils.Helpers - null
17:41:09.290 [ApplicationImpl pooled thread 58] INFO  c.b.l.BrowserStackRunExtension - Agent path: null
17:49:21.596 [ApplicationImpl pooled thread 49] INFO  c.b.l.BrowserStackRunExtension - testng
17:49:21.596 [ApplicationImpl pooled thread 49] INFO  com.browserstack.utils.Helpers - null
17:49:21.597 [ApplicationImpl pooled thread 49] INFO  c.b.l.BrowserStackRunExtension - Agent path: null
17:49:30.091 [ApplicationImpl pooled thread 49] INFO  c.b.l.BrowserStackRunExtension - testng
17:49:30.091 [ApplicationImpl pooled thread 49] INFO  com.browserstack.utils.Helpers - null
17:49:30.091 [ApplicationImpl pooled thread 49] INFO  c.b.l.BrowserStackRunExtension - Agent path: null
17:49:58.078 [ApplicationImpl pooled thread 71] INFO  c.b.l.BrowserStackRunExtension - testng
17:49:58.078 [ApplicationImpl pooled thread 71] INFO  com.browserstack.utils.Helpers - null
17:49:58.078 [ApplicationImpl pooled thread 71] INFO  c.b.l.BrowserStackRunExtension - Agent path: null
17:50:16.742 [ApplicationImpl pooled thread 65] INFO  c.b.l.BrowserStackRunExtension - testng
17:50:16.742 [ApplicationImpl pooled thread 65] INFO  com.browserstack.utils.Helpers - null
17:50:16.742 [ApplicationImpl pooled thread 65] INFO  c.b.l.BrowserStackRunExtension - Agent path: null
17:52:15.980 [ApplicationImpl pooled thread 75] INFO  c.b.l.BrowserStackRunExtension - testng
17:52:15.980 [ApplicationImpl pooled thread 75] INFO  com.browserstack.utils.Helpers - null
17:52:15.981 [ApplicationImpl pooled thread 75] INFO  c.b.l.BrowserStackRunExtension - Agent path: null
17:52:51.224 [ApplicationImpl pooled thread 70] INFO  c.b.l.BrowserStackRunExtension - testng
17:52:51.224 [ApplicationImpl pooled thread 70] INFO  com.browserstack.utils.Helpers - null
17:52:51.224 [ApplicationImpl pooled thread 70] INFO  c.b.l.BrowserStackRunExtension - Agent path: null
17:57:41.848 [ApplicationImpl pooled thread 76] INFO  c.b.l.BrowserStackRunExtension - testng
17:57:41.848 [ApplicationImpl pooled thread 76] INFO  com.browserstack.utils.Helpers - null
17:57:41.848 [ApplicationImpl pooled thread 76] INFO  c.b.l.BrowserStackRunExtension - Agent path: null
17:59:00.896 [ApplicationImpl pooled thread 77] INFO  c.b.l.BrowserStackRunExtension - testng
17:59:00.896 [ApplicationImpl pooled thread 77] INFO  com.browserstack.utils.Helpers - null
17:59:00.896 [ApplicationImpl pooled thread 77] INFO  c.b.l.BrowserStackRunExtension - Agent path: null
18:10:00.234 [ApplicationImpl pooled thread 91] INFO  c.b.l.BrowserStackRunExtension - testng
18:10:00.234 [ApplicationImpl pooled thread 91] INFO  com.browserstack.utils.Helpers - null
18:10:00.235 [ApplicationImpl pooled thread 91] INFO  c.b.l.BrowserStackRunExtension - Agent path: null
18:13:21.249 [ApplicationImpl pooled thread 89] INFO  c.b.l.BrowserStackRunExtension - testng
18:13:21.249 [ApplicationImpl pooled thread 89] INFO  com.browserstack.utils.Helpers - null
18:13:21.250 [ApplicationImpl pooled thread 89] INFO  c.b.l.BrowserStackRunExtension - Agent path: null
18:14:14.398 [ApplicationImpl pooled thread 91] INFO  c.b.l.BrowserStackRunExtension - testng
18:14:14.399 [ApplicationImpl pooled thread 91] INFO  com.browserstack.utils.Helpers - null
18:14:14.400 [ApplicationImpl pooled thread 91] INFO  c.b.l.BrowserStackRunExtension - Agent path: null
18:29:46.273 [ApplicationImpl pooled thread 94] INFO  c.b.l.BrowserStackRunExtension - testng
18:29:46.273 [ApplicationImpl pooled thread 94] INFO  com.browserstack.utils.Helpers - null
18:29:46.273 [ApplicationImpl pooled thread 94] INFO  c.b.l.BrowserStackRunExtension - Agent path: null
18:32:48.377 [ApplicationImpl pooled thread 109] INFO  c.b.l.BrowserStackRunExtension - testng
18:32:48.377 [ApplicationImpl pooled thread 109] INFO  com.browserstack.utils.Helpers - null
18:32:48.377 [ApplicationImpl pooled thread 109] INFO  c.b.l.BrowserStackRunExtension - Agent path: null
18:39:50.617 [ApplicationImpl pooled thread 113] INFO  c.b.l.BrowserStackRunExtension - testng
18:39:50.617 [ApplicationImpl pooled thread 113] INFO  com.browserstack.utils.Helpers - null
18:39:50.617 [ApplicationImpl pooled thread 113] INFO  c.b.l.BrowserStackRunExtension - Agent path: null
18:40:10.902 [ApplicationImpl pooled thread 101] INFO  c.b.l.BrowserStackRunExtension - testng
18:40:10.902 [ApplicationImpl pooled thread 101] INFO  com.browserstack.utils.Helpers - null
18:40:10.902 [ApplicationImpl pooled thread 101] INFO  c.b.l.BrowserStackRunExtension - Agent path: null
18:40:28.417 [ApplicationImpl pooled thread 116] INFO  c.b.l.BrowserStackRunExtension - testng
18:40:28.417 [ApplicationImpl pooled thread 116] INFO  com.browserstack.utils.Helpers - null
18:40:28.417 [ApplicationImpl pooled thread 116] INFO  c.b.l.BrowserStackRunExtension - Agent path: null
18:41:07.113 [ApplicationImpl pooled thread 101] INFO  c.b.l.BrowserStackRunExtension - testng
18:41:07.113 [ApplicationImpl pooled thread 101] INFO  com.browserstack.utils.Helpers - null
18:41:07.117 [ApplicationImpl pooled thread 101] INFO  c.b.l.BrowserStackRunExtension - Agent path: null
18:41:16.889 [ApplicationImpl pooled thread 117] INFO  c.b.l.BrowserStackRunExtension - testng
18:41:16.889 [ApplicationImpl pooled thread 117] INFO  com.browserstack.utils.Helpers - null
18:41:16.889 [ApplicationImpl pooled thread 117] INFO  c.b.l.BrowserStackRunExtension - Agent path: null
18:43:41.233 [ApplicationImpl pooled thread 118] INFO  c.b.l.BrowserStackRunExtension - testng
18:43:41.234 [ApplicationImpl pooled thread 118] INFO  com.browserstack.utils.Helpers - null
18:43:41.234 [ApplicationImpl pooled thread 118] INFO  c.b.l.BrowserStackRunExtension - Agent path: null
18:54:12.049 [ApplicationImpl pooled thread 127] INFO  c.b.l.BrowserStackRunExtension - testng
18:54:12.049 [ApplicationImpl pooled thread 127] INFO  com.browserstack.utils.Helpers - null
18:54:12.050 [ApplicationImpl pooled thread 127] INFO  c.b.l.BrowserStackRunExtension - Agent path: null
18:56:12.456 [ApplicationImpl pooled thread 128] INFO  c.b.l.BrowserStackRunExtension - testng
18:56:12.456 [ApplicationImpl pooled thread 128] INFO  com.browserstack.utils.Helpers - null
18:56:12.456 [ApplicationImpl pooled thread 128] INFO  c.b.l.BrowserStackRunExtension - Agent path: null
18:58:01.404 [ApplicationImpl pooled thread 116] INFO  c.b.l.BrowserStackRunExtension - testng
18:58:01.404 [ApplicationImpl pooled thread 116] INFO  com.browserstack.utils.Helpers - null
18:58:01.406 [ApplicationImpl pooled thread 116] INFO  c.b.l.BrowserStackRunExtension - Agent path: null
18:58:13.250 [ApplicationImpl pooled thread 128] INFO  c.b.l.BrowserStackRunExtension - testng
18:58:13.250 [ApplicationImpl pooled thread 128] INFO  com.browserstack.utils.Helpers - null
18:58:13.259 [ApplicationImpl pooled thread 128] INFO  c.b.l.BrowserStackRunExtension - Agent path: null
19:03:50.108 [ApplicationImpl pooled thread 129] INFO  c.b.l.BrowserStackRunExtension - testng
19:03:50.108 [ApplicationImpl pooled thread 129] INFO  com.browserstack.utils.Helpers - null
19:03:50.118 [ApplicationImpl pooled thread 129] INFO  c.b.l.BrowserStackRunExtension - Agent path: null
19:05:41.942 [ApplicationImpl pooled thread 140] INFO  c.b.l.BrowserStackRunExtension - testng
19:05:41.942 [ApplicationImpl pooled thread 140] INFO  com.browserstack.utils.Helpers - null
19:05:41.954 [ApplicationImpl pooled thread 140] INFO  c.b.l.BrowserStackRunExtension - Agent path: null
19:08:30.576 [ApplicationImpl pooled thread 142] INFO  c.b.l.BrowserStackRunExtension - testng
19:08:30.576 [ApplicationImpl pooled thread 142] INFO  com.browserstack.utils.Helpers - null
19:08:30.576 [ApplicationImpl pooled thread 142] INFO  c.b.l.BrowserStackRunExtension - Agent path: null
19:57:36.088 [ApplicationImpl pooled thread 156] INFO  c.b.l.BrowserStackRunExtension - testng
19:57:36.089 [ApplicationImpl pooled thread 156] INFO  com.browserstack.utils.Helpers - null
19:57:36.089 [ApplicationImpl pooled thread 156] INFO  c.b.l.BrowserStackRunExtension - Agent path: null
19:58:17.660 [ApplicationImpl pooled thread 148] INFO  c.b.l.BrowserStackRunExtension - testng
19:58:17.660 [ApplicationImpl pooled thread 148] INFO  com.browserstack.utils.Helpers - null
19:58:17.660 [ApplicationImpl pooled thread 148] INFO  c.b.l.BrowserStackRunExtension - Agent path: null
20:00:28.114 [ApplicationImpl pooled thread 155] INFO  c.b.l.BrowserStackRunExtension - testng
20:00:28.114 [ApplicationImpl pooled thread 155] INFO  com.browserstack.utils.Helpers - null
20:00:28.114 [ApplicationImpl pooled thread 155] INFO  c.b.l.BrowserStackRunExtension - Agent path: null
20:02:16.086 [ApplicationImpl pooled thread 157] INFO  c.b.l.BrowserStackRunExtension - testng
20:02:16.087 [ApplicationImpl pooled thread 157] INFO  com.browserstack.utils.Helpers - null
20:02:16.087 [ApplicationImpl pooled thread 157] INFO  c.b.l.BrowserStackRunExtension - Agent path: null
20:11:34.994 [ApplicationImpl pooled thread 155] INFO  c.b.l.BrowserStackRunExtension - testng
20:11:34.994 [ApplicationImpl pooled thread 155] INFO  com.browserstack.utils.Helpers - null
20:11:34.995 [ApplicationImpl pooled thread 155] INFO  c.b.l.BrowserStackRunExtension - Agent path: null
20:13:19.535 [ApplicationImpl pooled thread 155] INFO  c.b.l.BrowserStackRunExtension - testng
20:13:19.535 [ApplicationImpl pooled thread 155] INFO  com.browserstack.utils.Helpers - null
20:13:19.535 [ApplicationImpl pooled thread 155] INFO  c.b.l.BrowserStackRunExtension - Agent path: null
20:14:47.041 [ApplicationImpl pooled thread 163] INFO  c.b.l.BrowserStackRunExtension - testng
20:14:47.041 [ApplicationImpl pooled thread 163] INFO  com.browserstack.utils.Helpers - null
20:14:47.042 [ApplicationImpl pooled thread 163] INFO  c.b.l.BrowserStackRunExtension - Agent path: null
20:15:06.158 [ApplicationImpl pooled thread 163] INFO  c.b.l.BrowserStackRunExtension - testng
20:15:06.158 [ApplicationImpl pooled thread 163] INFO  com.browserstack.utils.Helpers - null
20:15:06.162 [ApplicationImpl pooled thread 163] INFO  c.b.l.BrowserStackRunExtension - Agent path: null
20:15:31.805 [ApplicationImpl pooled thread 170] INFO  c.b.l.BrowserStackRunExtension - testng
20:15:31.805 [ApplicationImpl pooled thread 170] INFO  com.browserstack.utils.Helpers - null
20:15:31.806 [ApplicationImpl pooled thread 170] INFO  c.b.l.BrowserStackRunExtension - Agent path: null
20:16:19.597 [ApplicationImpl pooled thread 172] INFO  c.b.l.BrowserStackRunExtension - testng
20:16:19.597 [ApplicationImpl pooled thread 172] INFO  com.browserstack.utils.Helpers - null
20:16:19.597 [ApplicationImpl pooled thread 172] INFO  c.b.l.BrowserStackRunExtension - Agent path: null
20:16:41.219 [ApplicationImpl pooled thread 171] INFO  c.b.l.BrowserStackRunExtension - testng
20:16:41.219 [ApplicationImpl pooled thread 171] INFO  com.browserstack.utils.Helpers - null
20:16:41.221 [ApplicationImpl pooled thread 171] INFO  c.b.l.BrowserStackRunExtension - Agent path: null
20:16:59.100 [ApplicationImpl pooled thread 155] INFO  c.b.l.BrowserStackRunExtension - testng
20:16:59.101 [ApplicationImpl pooled thread 155] INFO  com.browserstack.utils.Helpers - null
20:16:59.101 [ApplicationImpl pooled thread 155] INFO  c.b.l.BrowserStackRunExtension - Agent path: null
20:18:15.858 [ApplicationImpl pooled thread 155] INFO  c.b.l.BrowserStackRunExtension - testng
20:18:15.858 [ApplicationImpl pooled thread 155] INFO  com.browserstack.utils.Helpers - null
20:18:15.881 [ApplicationImpl pooled thread 155] INFO  c.b.l.BrowserStackRunExtension - Agent path: null
20:18:35.359 [ApplicationImpl pooled thread 174] INFO  c.b.l.BrowserStackRunExtension - testng
20:18:35.359 [ApplicationImpl pooled thread 174] INFO  com.browserstack.utils.Helpers - null
20:18:35.360 [ApplicationImpl pooled thread 174] INFO  c.b.l.BrowserStackRunExtension - Agent path: null
20:18:49.468 [ApplicationImpl pooled thread 172] INFO  c.b.l.BrowserStackRunExtension - testng
20:18:49.468 [ApplicationImpl pooled thread 172] INFO  com.browserstack.utils.Helpers - null
20:18:49.469 [ApplicationImpl pooled thread 172] INFO  c.b.l.BrowserStackRunExtension - Agent path: null
20:19:23.396 [ApplicationImpl pooled thread 170] INFO  c.b.l.BrowserStackRunExtension - testng
20:19:23.396 [ApplicationImpl pooled thread 170] INFO  com.browserstack.utils.Helpers - null
20:19:23.398 [ApplicationImpl pooled thread 170] INFO  c.b.l.BrowserStackRunExtension - Agent path: null
20:21:13.567 [ApplicationImpl pooled thread 170] INFO  c.b.l.BrowserStackRunExtension - testng
20:21:13.567 [ApplicationImpl pooled thread 170] INFO  com.browserstack.utils.Helpers - null
20:21:13.568 [ApplicationImpl pooled thread 170] INFO  c.b.l.BrowserStackRunExtension - Agent path: null
20:31:15.262 [ApplicationImpl pooled thread 179] INFO  c.b.l.BrowserStackRunExtension - testng
20:31:15.262 [ApplicationImpl pooled thread 179] INFO  com.browserstack.utils.Helpers - null
20:31:15.264 [ApplicationImpl pooled thread 179] INFO  c.b.l.BrowserStackRunExtension - Agent path: null
20:34:20.374 [ApplicationImpl pooled thread 187] INFO  c.b.l.BrowserStackRunExtension - testng
20:34:20.375 [ApplicationImpl pooled thread 187] INFO  com.browserstack.utils.Helpers - null
20:34:20.375 [ApplicationImpl pooled thread 187] INFO  c.b.l.BrowserStackRunExtension - Agent path: null
20:35:16.603 [ApplicationImpl pooled thread 187] INFO  c.b.l.BrowserStackRunExtension - testng
20:35:16.603 [ApplicationImpl pooled thread 187] INFO  com.browserstack.utils.Helpers - null
20:35:16.605 [ApplicationImpl pooled thread 187] INFO  c.b.l.BrowserStackRunExtension - Agent path: null
20:35:51.585 [ApplicationImpl pooled thread 182] INFO  c.b.l.BrowserStackRunExtension - testng
20:35:51.585 [ApplicationImpl pooled thread 182] INFO  com.browserstack.utils.Helpers - null
20:35:51.585 [ApplicationImpl pooled thread 182] INFO  c.b.l.BrowserStackRunExtension - Agent path: null
20:38:32.524 [ApplicationImpl pooled thread 182] INFO  c.b.l.BrowserStackRunExtension - testng
20:38:32.524 [ApplicationImpl pooled thread 182] INFO  com.browserstack.utils.Helpers - null
20:38:32.524 [ApplicationImpl pooled thread 182] INFO  c.b.l.BrowserStackRunExtension - Agent path: null
20:39:16.662 [ApplicationImpl pooled thread 180] INFO  c.b.l.BrowserStackRunExtension - testng
20:39:16.662 [ApplicationImpl pooled thread 180] INFO  com.browserstack.utils.Helpers - null
20:39:16.663 [ApplicationImpl pooled thread 180] INFO  c.b.l.BrowserStackRunExtension - Agent path: null
20:39:48.765 [ApplicationImpl pooled thread 189] INFO  c.b.l.BrowserStackRunExtension - testng
20:39:48.765 [ApplicationImpl pooled thread 189] INFO  com.browserstack.utils.Helpers - null
20:39:48.765 [ApplicationImpl pooled thread 189] INFO  c.b.l.BrowserStackRunExtension - Agent path: null
20:40:05.523 [ApplicationImpl pooled thread 170] INFO  c.b.l.BrowserStackRunExtension - testng
20:40:05.523 [ApplicationImpl pooled thread 170] INFO  com.browserstack.utils.Helpers - null
20:40:05.524 [ApplicationImpl pooled thread 170] INFO  c.b.l.BrowserStackRunExtension - Agent path: null
20:40:22.742 [ApplicationImpl pooled thread 182] INFO  c.b.l.BrowserStackRunExtension - testng
20:40:22.742 [ApplicationImpl pooled thread 182] INFO  com.browserstack.utils.Helpers - null
20:40:22.743 [ApplicationImpl pooled thread 182] INFO  c.b.l.BrowserStackRunExtension - Agent path: null
20:40:47.994 [ApplicationImpl pooled thread 189] INFO  c.b.l.BrowserStackRunExtension - testng
20:40:47.995 [ApplicationImpl pooled thread 189] INFO  com.browserstack.utils.Helpers - null
20:40:47.996 [ApplicationImpl pooled thread 189] INFO  c.b.l.BrowserStackRunExtension - Agent path: null
20:41:08.734 [ApplicationImpl pooled thread 189] INFO  c.b.l.BrowserStackRunExtension - testng
20:41:08.734 [ApplicationImpl pooled thread 189] INFO  com.browserstack.utils.Helpers - null
20:41:08.734 [ApplicationImpl pooled thread 189] INFO  c.b.l.BrowserStackRunExtension - Agent path: null
20:41:41.214 [ApplicationImpl pooled thread 187] INFO  c.b.l.BrowserStackRunExtension - testng
20:41:41.215 [ApplicationImpl pooled thread 187] INFO  com.browserstack.utils.Helpers - null
20:41:41.215 [ApplicationImpl pooled thread 187] INFO  c.b.l.BrowserStackRunExtension - Agent path: null
20:42:36.337 [ApplicationImpl pooled thread 191] INFO  c.b.l.BrowserStackRunExtension - testng
20:42:36.337 [ApplicationImpl pooled thread 191] INFO  com.browserstack.utils.Helpers - null
20:42:36.337 [ApplicationImpl pooled thread 191] INFO  c.b.l.BrowserStackRunExtension - Agent path: null
20:42:46.255 [ApplicationImpl pooled thread 180] INFO  c.b.l.BrowserStackRunExtension - testng
20:42:46.255 [ApplicationImpl pooled thread 180] INFO  com.browserstack.utils.Helpers - null
20:42:46.256 [ApplicationImpl pooled thread 180] INFO  c.b.l.BrowserStackRunExtension - Agent path: null
20:45:05.013 [ApplicationImpl pooled thread 187] INFO  c.b.l.BrowserStackRunExtension - testng
20:45:05.013 [ApplicationImpl pooled thread 187] INFO  com.browserstack.utils.Helpers - null
20:45:05.014 [ApplicationImpl pooled thread 187] INFO  c.b.l.BrowserStackRunExtension - Agent path: null
20:46:06.316 [ApplicationImpl pooled thread 182] INFO  c.b.l.BrowserStackRunExtension - testng
20:46:06.316 [ApplicationImpl pooled thread 182] INFO  com.browserstack.utils.Helpers - null
20:46:06.318 [ApplicationImpl pooled thread 182] INFO  c.b.l.BrowserStackRunExtension - Agent path: null
20:47:37.303 [ApplicationImpl pooled thread 187] INFO  c.b.l.BrowserStackRunExtension - testng
20:47:37.304 [ApplicationImpl pooled thread 187] INFO  com.browserstack.utils.Helpers - null
20:47:37.304 [ApplicationImpl pooled thread 187] INFO  c.b.l.BrowserStackRunExtension - Agent path: null
20:48:31.313 [ApplicationImpl pooled thread 186] INFO  c.b.l.BrowserStackRunExtension - testng
20:48:31.313 [ApplicationImpl pooled thread 186] INFO  com.browserstack.utils.Helpers - null
20:48:31.313 [ApplicationImpl pooled thread 186] INFO  c.b.l.BrowserStackRunExtension - Agent path: null
21:18:37.627 [ApplicationImpl pooled thread 192] INFO  c.b.l.BrowserStackRunExtension - testng
21:18:37.627 [ApplicationImpl pooled thread 192] INFO  com.browserstack.utils.Helpers - null
21:18:37.629 [ApplicationImpl pooled thread 192] INFO  c.b.l.BrowserStackRunExtension - Agent path: null
21:18:48.364 [ApplicationImpl pooled thread 200] INFO  c.b.l.BrowserStackRunExtension - testng
21:18:48.364 [ApplicationImpl pooled thread 200] INFO  com.browserstack.utils.Helpers - null
21:18:48.365 [ApplicationImpl pooled thread 200] INFO  c.b.l.BrowserStackRunExtension - Agent path: null
21:23:14.698 [ApplicationImpl pooled thread 201] INFO  c.b.l.BrowserStackRunExtension - testng
21:23:14.698 [ApplicationImpl pooled thread 201] INFO  com.browserstack.utils.Helpers - null
21:23:14.698 [ApplicationImpl pooled thread 201] INFO  c.b.l.BrowserStackRunExtension - Agent path: null
21:23:37.168 [ApplicationImpl pooled thread 204] INFO  c.b.l.BrowserStackRunExtension - testng
21:23:37.169 [ApplicationImpl pooled thread 204] INFO  com.browserstack.utils.Helpers - null
21:23:37.170 [ApplicationImpl pooled thread 204] INFO  c.b.l.BrowserStackRunExtension - Agent path: null
21:23:50.641 [ApplicationImpl pooled thread 192] INFO  c.b.l.BrowserStackRunExtension - testng
21:23:50.641 [ApplicationImpl pooled thread 192] INFO  com.browserstack.utils.Helpers - null
21:23:50.642 [ApplicationImpl pooled thread 192] INFO  c.b.l.BrowserStackRunExtension - Agent path: null
21:24:00.649 [ApplicationImpl pooled thread 200] INFO  c.b.l.BrowserStackRunExtension - testng
21:24:00.649 [ApplicationImpl pooled thread 200] INFO  com.browserstack.utils.Helpers - null
21:24:00.651 [ApplicationImpl pooled thread 200] INFO  c.b.l.BrowserStackRunExtension - Agent path: null
21:26:48.965 [ApplicationImpl pooled thread 200] INFO  c.b.l.BrowserStackRunExtension - testng
21:26:48.965 [ApplicationImpl pooled thread 200] INFO  com.browserstack.utils.Helpers - null
21:26:48.965 [ApplicationImpl pooled thread 200] INFO  c.b.l.BrowserStackRunExtension - Agent path: null
21:26:57.597 [ApplicationImpl pooled thread 208] INFO  c.b.l.BrowserStackRunExtension - testng
21:26:57.597 [ApplicationImpl pooled thread 208] INFO  com.browserstack.utils.Helpers - null
21:26:57.598 [ApplicationImpl pooled thread 208] INFO  c.b.l.BrowserStackRunExtension - Agent path: null
21:27:19.596 [ApplicationImpl pooled thread 192] INFO  c.b.l.BrowserStackRunExtension - testng
21:27:19.596 [ApplicationImpl pooled thread 192] INFO  com.browserstack.utils.Helpers - null
21:27:19.596 [ApplicationImpl pooled thread 192] INFO  c.b.l.BrowserStackRunExtension - Agent path: null
21:28:38.426 [ApplicationImpl pooled thread 208] INFO  c.b.l.BrowserStackRunExtension - testng
21:28:38.426 [ApplicationImpl pooled thread 208] INFO  com.browserstack.utils.Helpers - null
21:28:38.426 [ApplicationImpl pooled thread 208] INFO  c.b.l.BrowserStackRunExtension - Agent path: null
21:30:24.686 [ApplicationImpl pooled thread 208] INFO  c.b.l.BrowserStackRunExtension - testng
21:30:24.686 [ApplicationImpl pooled thread 208] INFO  com.browserstack.utils.Helpers - null
21:30:24.686 [ApplicationImpl pooled thread 208] INFO  c.b.l.BrowserStackRunExtension - Agent path: null
21:36:02.930 [ApplicationImpl pooled thread 213] INFO  c.b.l.BrowserStackRunExtension - testng
21:36:02.930 [ApplicationImpl pooled thread 213] INFO  com.browserstack.utils.Helpers - null
21:36:02.931 [ApplicationImpl pooled thread 213] INFO  c.b.l.BrowserStackRunExtension - Agent path: null
21:45:16.155 [ApplicationImpl pooled thread 220] INFO  c.b.l.BrowserStackRunExtension - testng
21:45:16.155 [ApplicationImpl pooled thread 220] INFO  com.browserstack.utils.Helpers - null
21:45:16.155 [ApplicationImpl pooled thread 220] INFO  c.b.l.BrowserStackRunExtension - Agent path: null
21:47:48.448 [ApplicationImpl pooled thread 214] INFO  c.b.l.BrowserStackRunExtension - testng
21:47:48.448 [ApplicationImpl pooled thread 214] INFO  com.browserstack.utils.Helpers - null
21:47:48.449 [ApplicationImpl pooled thread 214] INFO  c.b.l.BrowserStackRunExtension - Agent path: null
21:49:35.315 [ApplicationImpl pooled thread 230] INFO  c.b.l.BrowserStackRunExtension - testng
21:49:35.315 [ApplicationImpl pooled thread 230] INFO  com.browserstack.utils.Helpers - null
21:49:35.316 [ApplicationImpl pooled thread 230] INFO  c.b.l.BrowserStackRunExtension - Agent path: null
21:49:48.577 [ApplicationImpl pooled thread 214] INFO  c.b.l.BrowserStackRunExtension - testng
21:49:48.578 [ApplicationImpl pooled thread 214] INFO  com.browserstack.utils.Helpers - null
21:49:48.578 [ApplicationImpl pooled thread 214] INFO  c.b.l.BrowserStackRunExtension - Agent path: null
21:50:31.955 [ApplicationImpl pooled thread 230] INFO  c.b.l.BrowserStackRunExtension - testng
21:50:31.956 [ApplicationImpl pooled thread 230] INFO  com.browserstack.utils.Helpers - null
21:50:31.958 [ApplicationImpl pooled thread 230] INFO  c.b.l.BrowserStackRunExtension - Agent path: null
21:52:28.090 [ApplicationImpl pooled thread 226] INFO  c.b.l.BrowserStackRunExtension - testng
21:52:28.090 [ApplicationImpl pooled thread 226] INFO  com.browserstack.utils.Helpers - null
21:52:28.090 [ApplicationImpl pooled thread 226] INFO  c.b.l.BrowserStackRunExtension - Agent path: null
21:54:48.074 [ApplicationImpl pooled thread 214] INFO  c.b.l.BrowserStackRunExtension - testng
21:54:48.074 [ApplicationImpl pooled thread 214] INFO  com.browserstack.utils.Helpers - null
21:54:48.075 [ApplicationImpl pooled thread 214] INFO  c.b.l.BrowserStackRunExtension - Agent path: null
21:56:17.683 [ApplicationImpl pooled thread 233] INFO  c.b.l.BrowserStackRunExtension - testng
21:56:17.684 [ApplicationImpl pooled thread 233] INFO  com.browserstack.utils.Helpers - null
21:56:17.684 [ApplicationImpl pooled thread 233] INFO  c.b.l.BrowserStackRunExtension - Agent path: null
21:56:47.285 [ApplicationImpl pooled thread 232] INFO  c.b.l.BrowserStackRunExtension - testng
21:56:47.285 [ApplicationImpl pooled thread 232] INFO  com.browserstack.utils.Helpers - null
21:56:47.285 [ApplicationImpl pooled thread 232] INFO  c.b.l.BrowserStackRunExtension - Agent path: null
22:02:14.297 [ApplicationImpl pooled thread 234] INFO  c.b.l.BrowserStackRunExtension - testng
22:02:14.297 [ApplicationImpl pooled thread 234] INFO  com.browserstack.utils.Helpers - null
22:02:14.298 [ApplicationImpl pooled thread 234] INFO  c.b.l.BrowserStackRunExtension - Agent path: null
22:02:28.164 [ApplicationImpl pooled thread 234] INFO  c.b.l.BrowserStackRunExtension - testng
22:02:28.164 [ApplicationImpl pooled thread 234] INFO  com.browserstack.utils.Helpers - null
22:02:28.164 [ApplicationImpl pooled thread 234] INFO  c.b.l.BrowserStackRunExtension - Agent path: null
22:04:58.600 [ApplicationImpl pooled thread 236] INFO  c.b.l.BrowserStackRunExtension - testng
22:04:58.600 [ApplicationImpl pooled thread 236] INFO  com.browserstack.utils.Helpers - null
22:04:58.600 [ApplicationImpl pooled thread 236] INFO  c.b.l.BrowserStackRunExtension - Agent path: null
22:08:01.331 [ApplicationImpl pooled thread 241] INFO  c.b.l.BrowserStackRunExtension - testng
22:08:01.331 [ApplicationImpl pooled thread 241] INFO  com.browserstack.utils.Helpers - null
22:08:01.333 [ApplicationImpl pooled thread 241] INFO  c.b.l.BrowserStackRunExtension - Agent path: null
22:08:25.172 [ApplicationImpl pooled thread 243] INFO  c.b.l.BrowserStackRunExtension - testng
22:08:25.172 [ApplicationImpl pooled thread 243] INFO  com.browserstack.utils.Helpers - null
22:08:25.173 [ApplicationImpl pooled thread 243] INFO  c.b.l.BrowserStackRunExtension - Agent path: null
22:13:55.764 [ApplicationImpl pooled thread 244] INFO  c.b.l.BrowserStackRunExtension - testng
22:13:55.764 [ApplicationImpl pooled thread 244] INFO  com.browserstack.utils.Helpers - null
22:13:55.765 [ApplicationImpl pooled thread 244] INFO  c.b.l.BrowserStackRunExtension - Agent path: null
22:14:40.968 [ApplicationImpl pooled thread 244] INFO  c.b.l.BrowserStackRunExtension - testng
22:14:40.968 [ApplicationImpl pooled thread 244] INFO  com.browserstack.utils.Helpers - null
22:14:40.969 [ApplicationImpl pooled thread 244] INFO  c.b.l.BrowserStackRunExtension - Agent path: null
22:18:02.890 [ApplicationImpl pooled thread 247] INFO  c.b.l.BrowserStackRunExtension - testng
22:18:02.890 [ApplicationImpl pooled thread 247] INFO  com.browserstack.utils.Helpers - null
22:18:02.891 [ApplicationImpl pooled thread 247] INFO  c.b.l.BrowserStackRunExtension - Agent path: null
22:27:43.466 [ApplicationImpl pooled thread 262] INFO  c.b.l.BrowserStackRunExtension - testng
22:27:43.466 [ApplicationImpl pooled thread 262] INFO  com.browserstack.utils.Helpers - null
22:27:43.467 [ApplicationImpl pooled thread 262] INFO  c.b.l.BrowserStackRunExtension - Agent path: null
22:32:35.660 [ApplicationImpl pooled thread 263] INFO  c.b.l.BrowserStackRunExtension - testng
22:32:35.660 [ApplicationImpl pooled thread 263] INFO  com.browserstack.utils.Helpers - null
22:32:35.676 [ApplicationImpl pooled thread 263] INFO  c.b.l.BrowserStackRunExtension - Agent path: null
22:32:59.626 [ApplicationImpl pooled thread 262] INFO  c.b.l.BrowserStackRunExtension - testng
22:32:59.626 [ApplicationImpl pooled thread 262] INFO  com.browserstack.utils.Helpers - null
22:32:59.636 [ApplicationImpl pooled thread 262] INFO  c.b.l.BrowserStackRunExtension - Agent path: null
22:33:35.370 [ApplicationImpl pooled thread 262] INFO  c.b.l.BrowserStackRunExtension - testng
22:33:35.370 [ApplicationImpl pooled thread 262] INFO  com.browserstack.utils.Helpers - null
22:33:35.370 [ApplicationImpl pooled thread 262] INFO  c.b.l.BrowserStackRunExtension - Agent path: null
22:33:53.341 [ApplicationImpl pooled thread 260] INFO  c.b.l.BrowserStackRunExtension - testng
22:33:53.341 [ApplicationImpl pooled thread 260] INFO  com.browserstack.utils.Helpers - null
22:33:53.356 [ApplicationImpl pooled thread 260] INFO  c.b.l.BrowserStackRunExtension - Agent path: null
22:34:56.252 [ApplicationImpl pooled thread 265] INFO  c.b.l.BrowserStackRunExtension - testng
22:34:56.252 [ApplicationImpl pooled thread 265] INFO  com.browserstack.utils.Helpers - null
22:34:56.254 [ApplicationImpl pooled thread 265] INFO  c.b.l.BrowserStackRunExtension - Agent path: null
22:36:30.042 [ApplicationImpl pooled thread 265] INFO  c.b.l.BrowserStackRunExtension - testng
22:36:30.042 [ApplicationImpl pooled thread 265] INFO  com.browserstack.utils.Helpers - null
22:36:30.042 [ApplicationImpl pooled thread 265] INFO  c.b.l.BrowserStackRunExtension - Agent path: null
22:37:18.675 [ApplicationImpl pooled thread 268] INFO  c.b.l.BrowserStackRunExtension - testng
22:37:18.676 [ApplicationImpl pooled thread 268] INFO  com.browserstack.utils.Helpers - null
22:37:18.676 [ApplicationImpl pooled thread 268] INFO  c.b.l.BrowserStackRunExtension - Agent path: null
22:37:35.987 [ApplicationImpl pooled thread 265] INFO  c.b.l.BrowserStackRunExtension - testng
22:37:35.987 [ApplicationImpl pooled thread 265] INFO  com.browserstack.utils.Helpers - null
22:37:35.987 [ApplicationImpl pooled thread 265] INFO  c.b.l.BrowserStackRunExtension - Agent path: null
22:38:32.148 [ApplicationImpl pooled thread 270] INFO  c.b.l.BrowserStackRunExtension - testng
22:38:32.148 [ApplicationImpl pooled thread 270] INFO  com.browserstack.utils.Helpers - null
22:38:32.162 [ApplicationImpl pooled thread 270] INFO  c.b.l.BrowserStackRunExtension - Agent path: null
22:39:18.643 [ApplicationImpl pooled thread 271] INFO  c.b.l.BrowserStackRunExtension - testng
22:39:18.643 [ApplicationImpl pooled thread 271] INFO  com.browserstack.utils.Helpers - null
22:39:18.643 [ApplicationImpl pooled thread 271] INFO  c.b.l.BrowserStackRunExtension - Agent path: null
22:43:18.009 [ApplicationImpl pooled thread 269] INFO  c.b.l.BrowserStackRunExtension - testng
22:43:18.009 [ApplicationImpl pooled thread 269] INFO  com.browserstack.utils.Helpers - null
22:43:18.009 [ApplicationImpl pooled thread 269] INFO  c.b.l.BrowserStackRunExtension - Agent path: null
22:43:33.239 [ApplicationImpl pooled thread 269] INFO  c.b.l.BrowserStackRunExtension - testng
22:43:33.239 [ApplicationImpl pooled thread 269] INFO  com.browserstack.utils.Helpers - null
22:43:33.253 [ApplicationImpl pooled thread 269] INFO  c.b.l.BrowserStackRunExtension - Agent path: null
22:58:20.656 [ApplicationImpl pooled thread 279] INFO  c.b.l.BrowserStackRunExtension - testng
22:58:20.656 [ApplicationImpl pooled thread 279] INFO  com.browserstack.utils.Helpers - null
22:58:20.667 [ApplicationImpl pooled thread 279] INFO  c.b.l.BrowserStackRunExtension - Agent path: null
23:38:29.921 [ApplicationImpl pooled thread 282] INFO  c.b.l.BrowserStackRunExtension - testng
23:38:29.921 [ApplicationImpl pooled thread 282] INFO  com.browserstack.utils.Helpers - null
23:38:29.921 [ApplicationImpl pooled thread 282] INFO  c.b.l.BrowserStackRunExtension - Agent path: null
23:39:50.027 [ApplicationImpl pooled thread 296] INFO  c.b.l.BrowserStackRunExtension - testng
23:39:50.027 [ApplicationImpl pooled thread 296] INFO  com.browserstack.utils.Helpers - null
23:39:50.034 [ApplicationImpl pooled thread 296] INFO  c.b.l.BrowserStackRunExtension - Agent path: null
23:40:07.906 [ApplicationImpl pooled thread 299] INFO  c.b.l.BrowserStackRunExtension - testng
23:40:07.906 [ApplicationImpl pooled thread 299] INFO  com.browserstack.utils.Helpers - null
23:40:07.912 [ApplicationImpl pooled thread 299] INFO  c.b.l.BrowserStackRunExtension - Agent path: null
23:48:01.053 [ApplicationImpl pooled thread 305] INFO  c.b.l.BrowserStackRunExtension - testng
23:48:01.053 [ApplicationImpl pooled thread 305] INFO  com.browserstack.utils.Helpers - null
23:48:01.055 [ApplicationImpl pooled thread 305] INFO  c.b.l.BrowserStackRunExtension - Agent path: null
23:49:30.832 [ApplicationImpl pooled thread 302] INFO  c.b.l.BrowserStackRunExtension - testng
23:49:30.832 [ApplicationImpl pooled thread 302] INFO  com.browserstack.utils.Helpers - null
23:49:30.834 [ApplicationImpl pooled thread 302] INFO  c.b.l.BrowserStackRunExtension - Agent path: null
23:51:35.583 [ApplicationImpl pooled thread 302] INFO  c.b.l.BrowserStackRunExtension - testng
23:51:35.583 [ApplicationImpl pooled thread 302] INFO  com.browserstack.utils.Helpers - null
23:51:35.585 [ApplicationImpl pooled thread 302] INFO  c.b.l.BrowserStackRunExtension - Agent path: null
23:54:28.547 [ApplicationImpl pooled thread 306] INFO  c.b.l.BrowserStackRunExtension - testng
23:54:28.547 [ApplicationImpl pooled thread 306] INFO  com.browserstack.utils.Helpers - null
23:54:28.547 [ApplicationImpl pooled thread 306] INFO  c.b.l.BrowserStackRunExtension - Agent path: null
23:55:08.862 [ApplicationImpl pooled thread 305] INFO  c.b.l.BrowserStackRunExtension - testng
23:55:08.862 [ApplicationImpl pooled thread 305] INFO  com.browserstack.utils.Helpers - null
23:55:08.862 [ApplicationImpl pooled thread 305] INFO  c.b.l.BrowserStackRunExtension - Agent path: null
23:57:11.743 [ApplicationImpl pooled thread 311] INFO  c.b.l.BrowserStackRunExtension - testng
23:57:11.743 [ApplicationImpl pooled thread 311] INFO  com.browserstack.utils.Helpers - null
23:57:11.743 [ApplicationImpl pooled thread 311] INFO  c.b.l.BrowserStackRunExtension - Agent path: null
23:59:36.288 [ApplicationImpl pooled thread 313] INFO  c.b.l.BrowserStackRunExtension - testng
23:59:36.288 [ApplicationImpl pooled thread 313] INFO  com.browserstack.utils.Helpers - null
23:59:36.290 [ApplicationImpl pooled thread 313] INFO  c.b.l.BrowserStackRunExtension - Agent path: null
00:00:44.014 [ApplicationImpl pooled thread 308] INFO  c.b.l.BrowserStackRunExtension - testng
00:00:44.014 [ApplicationImpl pooled thread 308] INFO  com.browserstack.utils.Helpers - null
00:00:44.014 [ApplicationImpl pooled thread 308] INFO  c.b.l.BrowserStackRunExtension - Agent path: null
00:01:32.974 [ApplicationImpl pooled thread 314] INFO  c.b.l.BrowserStackRunExtension - testng
00:01:32.974 [ApplicationImpl pooled thread 314] INFO  com.browserstack.utils.Helpers - null
00:01:32.974 [ApplicationImpl pooled thread 314] INFO  c.b.l.BrowserStackRunExtension - Agent path: null
00:02:21.168 [ApplicationImpl pooled thread 310] INFO  c.b.l.BrowserStackRunExtension - testng
00:02:21.168 [ApplicationImpl pooled thread 310] INFO  com.browserstack.utils.Helpers - null
00:02:21.170 [ApplicationImpl pooled thread 310] INFO  c.b.l.BrowserStackRunExtension - Agent path: null
00:04:26.427 [ApplicationImpl pooled thread 313] INFO  c.b.l.BrowserStackRunExtension - testng
00:04:26.427 [ApplicationImpl pooled thread 313] INFO  com.browserstack.utils.Helpers - null
00:04:26.427 [ApplicationImpl pooled thread 313] INFO  c.b.l.BrowserStackRunExtension - Agent path: null
00:07:01.528 [ApplicationImpl pooled thread 316] INFO  c.b.l.BrowserStackRunExtension - testng
00:07:01.528 [ApplicationImpl pooled thread 316] INFO  com.browserstack.utils.Helpers - null
00:07:01.529 [ApplicationImpl pooled thread 316] INFO  c.b.l.BrowserStackRunExtension - Agent path: null
00:09:04.457 [ApplicationImpl pooled thread 320] INFO  c.b.l.BrowserStackRunExtension - testng
00:09:04.457 [ApplicationImpl pooled thread 320] INFO  com.browserstack.utils.Helpers - null
00:09:04.457 [ApplicationImpl pooled thread 320] INFO  c.b.l.BrowserStackRunExtension - Agent path: null
00:09:51.194 [ApplicationImpl pooled thread 319] INFO  c.b.l.BrowserStackRunExtension - testng
00:09:51.194 [ApplicationImpl pooled thread 319] INFO  com.browserstack.utils.Helpers - null
00:09:51.194 [ApplicationImpl pooled thread 319] INFO  c.b.l.BrowserStackRunExtension - Agent path: null
00:13:15.842 [ApplicationImpl pooled thread 322] INFO  c.b.l.BrowserStackRunExtension - testng
00:13:15.842 [ApplicationImpl pooled thread 322] INFO  com.browserstack.utils.Helpers - null
00:13:15.843 [ApplicationImpl pooled thread 322] INFO  c.b.l.BrowserStackRunExtension - Agent path: null
00:19:42.577 [ApplicationImpl pooled thread 323] INFO  c.b.l.BrowserStackRunExtension - testng
00:19:42.577 [ApplicationImpl pooled thread 323] INFO  com.browserstack.utils.Helpers - null
00:19:42.578 [ApplicationImpl pooled thread 323] INFO  c.b.l.BrowserStackRunExtension - Agent path: null
00:24:19.828 [ApplicationImpl pooled thread 321] INFO  c.b.l.BrowserStackRunExtension - testng
00:24:19.828 [ApplicationImpl pooled thread 321] INFO  com.browserstack.utils.Helpers - null
00:24:19.829 [ApplicationImpl pooled thread 321] INFO  c.b.l.BrowserStackRunExtension - Agent path: null
00:26:59.489 [ApplicationImpl pooled thread 326] INFO  c.b.l.BrowserStackRunExtension - testng
00:26:59.490 [ApplicationImpl pooled thread 326] INFO  com.browserstack.utils.Helpers - null
00:26:59.490 [ApplicationImpl pooled thread 326] INFO  c.b.l.BrowserStackRunExtension - Agent path: null
00:28:20.043 [ApplicationImpl pooled thread 340] INFO  c.b.l.BrowserStackRunExtension - testng
00:28:20.043 [ApplicationImpl pooled thread 340] INFO  com.browserstack.utils.Helpers - null
00:28:20.044 [ApplicationImpl pooled thread 340] INFO  c.b.l.BrowserStackRunExtension - Agent path: null
00:31:23.022 [ApplicationImpl pooled thread 337] INFO  c.b.l.BrowserStackRunExtension - testng
00:31:23.023 [ApplicationImpl pooled thread 337] INFO  com.browserstack.utils.Helpers - null
00:31:23.023 [ApplicationImpl pooled thread 337] INFO  c.b.l.BrowserStackRunExtension - Agent path: null
00:35:11.487 [ApplicationImpl pooled thread 337] INFO  c.b.l.BrowserStackRunExtension - testng
00:35:11.487 [ApplicationImpl pooled thread 337] INFO  com.browserstack.utils.Helpers - null
00:35:11.488 [ApplicationImpl pooled thread 337] INFO  c.b.l.BrowserStackRunExtension - Agent path: null
00:37:18.625 [ApplicationImpl pooled thread 346] INFO  c.b.l.BrowserStackRunExtension - testng
00:37:18.626 [ApplicationImpl pooled thread 346] INFO  com.browserstack.utils.Helpers - null
00:37:18.626 [ApplicationImpl pooled thread 346] INFO  c.b.l.BrowserStackRunExtension - Agent path: null
01:01:08.006 [ApplicationImpl pooled thread 350] INFO  c.b.l.BrowserStackRunExtension - testng
01:01:08.006 [ApplicationImpl pooled thread 350] INFO  com.browserstack.utils.Helpers - null
01:01:08.007 [ApplicationImpl pooled thread 350] INFO  c.b.l.BrowserStackRunExtension - Agent path: null
01:01:34.262 [ApplicationImpl pooled thread 357] INFO  c.b.l.BrowserStackRunExtension - testng
01:01:34.262 [ApplicationImpl pooled thread 357] INFO  com.browserstack.utils.Helpers - null
01:01:34.264 [ApplicationImpl pooled thread 357] INFO  c.b.l.BrowserStackRunExtension - Agent path: null
01:01:52.391 [ApplicationImpl pooled thread 348] INFO  c.b.l.BrowserStackRunExtension - testng
01:01:52.391 [ApplicationImpl pooled thread 348] INFO  com.browserstack.utils.Helpers - null
01:01:52.393 [ApplicationImpl pooled thread 348] INFO  c.b.l.BrowserStackRunExtension - Agent path: null
01:03:35.101 [AWT-EventQueue-0] INFO  c.b.actions.DisableBrowserStack - Setting disable browserstack run update
01:03:35.108 [AWT-EventQueue-0] INFO  c.b.actions.EnableBrowserStack - Setting enable browserstack run update
01:03:36.938 [AWT-EventQueue-0] INFO  c.b.actions.DisableBrowserStack - Setting disable browserstack run update
01:03:36.944 [AWT-EventQueue-0] INFO  c.b.actions.EnableBrowserStack - Setting enable browserstack run update
02:15:17.913 [ApplicationImpl pooled thread 380] INFO  c.b.l.BrowserStackRunExtension - testng
02:15:17.913 [ApplicationImpl pooled thread 380] INFO  com.browserstack.utils.Helpers - null
02:15:17.913 [ApplicationImpl pooled thread 380] INFO  c.b.l.BrowserStackRunExtension - Agent path: null
02:20:32.244 [ApplicationImpl pooled thread 378] INFO  c.b.l.BrowserStackRunExtension - testng
02:20:32.244 [ApplicationImpl pooled thread 378] INFO  com.browserstack.utils.Helpers - null
02:20:32.246 [ApplicationImpl pooled thread 378] INFO  c.b.l.BrowserStackRunExtension - Agent path: null
02:24:13.755 [ApplicationImpl pooled thread 384] INFO  c.b.l.BrowserStackRunExtension - testng
02:24:13.755 [ApplicationImpl pooled thread 384] INFO  com.browserstack.utils.Helpers - null
02:24:13.755 [ApplicationImpl pooled thread 384] INFO  c.b.l.BrowserStackRunExtension - Agent path: null
02:24:22.847 [ApplicationImpl pooled thread 384] INFO  c.b.l.BrowserStackRunExtension - testng
02:24:22.847 [ApplicationImpl pooled thread 384] INFO  com.browserstack.utils.Helpers - null
02:24:22.848 [ApplicationImpl pooled thread 384] INFO  c.b.l.BrowserStackRunExtension - Agent path: null
